<?xml version="1.0" encoding="UTF-8"?>
<!-- Generated by org.testng.reporters.JUnitXMLReporter -->
<testsuite hostname="DESKTOP-E1K2OQS" name="Test" tests="5" failures="0" timestamp="28 Jan 2018 20:53:15 GMT" time="173.849" errors="0">
  <testcase name="InvokeBrowser" time="7.148" classname="Framework.HomePage"/>
  <testcase name="InvokeBrowser" time="6.729" classname="Framework.HomePage"/>
  <testcase name="InvokeBrowser" time="6.807" classname="Framework.HomePage"/>
  <testcase name="InvokeBrowser" time="0.386" classname="Framework.NavigateBar"/>
  <testcase name="InvokeBrowser" time="0.213" classname="Framework.Validate"/>
</testsuite> <!-- Test -->
