<?xml version="1.0" encoding="UTF-8"?>
<!-- Generated by org.testng.reporters.JUnitXMLReporter -->
<testsuite hostname="DESKTOP-E1K2OQS" name="User Login Credentials" tests="3" failures="0" timestamp="27 Feb 2018 04:37:29 GMT" time="72.909" errors="0">
  <testcase name="UserCredentials" time="6.607" classname="Framework.HomePage"/>
  <testcase name="UserCredentials" time="16.235" classname="Framework.HomePage"/>
  <testcase name="UserCredentials" time="6.914" classname="Framework.HomePage"/>
</testsuite> <!-- User Login Credentials -->
