<?xml version="1.0" encoding="UTF-8"?>
<!-- Generated by org.testng.reporters.JUnitXMLReporter -->
<testsuite hostname="DESKTOP-E1K2OQS" name="Validating Title" tests="1" failures="1" timestamp="27 Feb 2018 04:38:05 GMT" time="18.604" errors="0">
  <testcase name="ValidateTitle" time="2.658" classname="Framework.Validate">
    <failure type="java.lang.AssertionError" message="expected [FEATURED 123COURSES] but found [FEATURED COURSES]">
      <![CDATA[java.lang.AssertionError: expected [FEATURED 123COURSES] but found [FEATURED COURSES]
	at Framework.Validate.ValidateTitle(Validate.java:40)
... Removed 29 stack frames]]>
    </failure>
  </testcase> <!-- ValidateTitle -->
</testsuite> <!-- Validating Title -->
