<?xml version="1.0" encoding="UTF-8"?>
<!-- Generated by org.testng.reporters.JUnitXMLReporter -->
<testsuite hostname="DESKTOP-E1K2OQS" name="Validating User Login Credentials" tests="3" failures="0" timestamp="29 Jan 2018 22:50:34 GMT" time="72.169" errors="0">
  <testcase name="InvokeBrowser" time="7.227" classname="Framework.HomePage"/>
  <testcase name="InvokeBrowser" time="6.517" classname="Framework.HomePage"/>
  <testcase name="InvokeBrowser" time="6.387" classname="Framework.HomePage"/>
</testsuite> <!-- Validating User Login Credentials -->
