<?xml version="1.0" encoding="UTF-8"?>
<!-- Generated by org.testng.reporters.JUnitXMLReporter -->
<testsuite hostname="DESKTOP-E1K2OQS" name="User Login Credentials" tests="3" failures="0" timestamp="1 Feb 2018 18:32:43 GMT" time="63.719" errors="0">
  <testcase name="UserCredentials" time="8.805" classname="Framework.HomePage"/>
  <testcase name="UserCredentials" time="6.366" classname="Framework.HomePage"/>
  <testcase name="UserCredentials" time="6.887" classname="Framework.HomePage"/>
</testsuite> <!-- User Login Credentials -->
